<?xml version="1.0" encoding="UTF-8"?>
<testng-results ignored="0" total="1" passed="1" failed="0" skipped="0">
  <reporter-output>
  </reporter-output>
  <suite started-at="2023-06-12T11:43:05 EDT" name="Suite" finished-at="2023-06-12T11:43:07 EDT" duration-ms="1772">
    <groups>
    </groups>
    <test started-at="2023-06-12T11:43:05 EDT" name="Test" finished-at="2023-06-12T11:43:07 EDT" duration-ms="1772">
      <class name="com.restassured.tests.DataDriven_ownRestApiExamples">
        <test-method signature="testDelete2(int)[pri:0, instance:com.restassured.tests.DataDriven_ownRestApiExamples@4944252c]" started-at="2023-06-12T11:43:05 EDT" name="testDelete2" finished-at="2023-06-12T11:43:07 EDT" duration-ms="1716" status="PASS">
          <params>
            <param index="0">
              <value>
                <![CDATA[3]]>
              </value>
            </param>
          </params>
          <reporter-output>
          </reporter-output>
        </test-method> <!-- testDelete2 -->
      </class> <!-- com.restassured.tests.DataDriven_ownRestApiExamples -->
    </test> <!-- Test -->
  </suite> <!-- Suite -->
</testng-results>
