<?xml version="1.0" encoding="UTF-8"?>
<testng-results ignored="2" total="3" passed="1" failed="0" skipped="0">
  <reporter-output>
  </reporter-output>
  <suite started-at="2023-05-31T10:53:00 EDT" name="Default suite" finished-at="2023-05-31T10:53:02 EDT" duration-ms="2030">
    <groups>
    </groups>
    <test started-at="2023-05-31T10:53:00 EDT" name="Default test" finished-at="2023-05-31T10:53:02 EDT" duration-ms="2030">
      <class name="com.restassured.tests.PutPatchDeleteTest">
        <test-method signature="testDelete()[pri:0, instance:com.restassured.tests.PutPatchDeleteTest@747edf66]" started-at="2023-05-31T10:53:00 EDT" name="testDelete" finished-at="2023-05-31T10:53:02 EDT" duration-ms="1978" status="PASS">
          <reporter-output>
          </reporter-output>
        </test-method> <!-- testDelete -->
      </class> <!-- com.restassured.tests.PutPatchDeleteTest -->
    </test> <!-- Default test -->
  </suite> <!-- Default suite -->
</testng-results>
