<?xml version="1.0" encoding="UTF-8"?>
<!-- Generated by org.testng.reporters.JUnitXMLReporter -->
<testsuite ignored="2" hostname="Aina" failures="0" tests="1" name="Default test" time="2.03" errors="0" timestamp="2023-05-31T10:53:02 EDT">
  <testcase classname="com.restassured.tests.PutPatchDeleteTest" name="testDelete" time="1.978"/>
  <testcase classname="com.restassured.tests.PutPatchDeleteTest" name="testPut" time="0.0">
    <ignored/>
  </testcase> <!-- testPut -->
  <testcase classname="com.restassured.tests.PutPatchDeleteTest" name="testPatch" time="0.0">
    <ignored/>
  </testcase> <!-- testPatch -->
</testsuite> <!-- Default test -->
