<?xml version="1.0" encoding="UTF-8"?>
<!-- Generated by org.testng.reporters.JUnitXMLReporter -->
<testsuite ignored="0" hostname="Aina" failures="0" tests="2" name="Default test" time="1.185" errors="0" timestamp="2023-06-12T10:50:09 EDT">
  <testcase classname="com.restassured.tests.DataDriven_ownRestApiExamples" name="dataDrivenEx" time="1.094"/>
  <testcase classname="com.restassured.tests.DataDriven_ownRestApiExamples" name="dataDrivenEx" time="0.044"/>
</testsuite> <!-- Default test -->
